{"C:\\Users\\vinny\\Documents\\Multiverse Bootcamp\\cheeseboard\\Board.js": {"path":"C:\\Users\\vinny\\Documents\\Multiverse Bootcamp\\cheeseboard\\Board.js","statementMap":{"0":{"start":{"line":1,"column":49},"end":{"line":1,"column":64}},"1":{"start":{"line":5,"column":0},"end":{"line":5,"column":106}},"2":{"start":{"line":7,"column":0},"end":{"line":9,"column":2}}},"fnMap":{},"branchMap":{},"s":{"0":1,"1":1,"2":1},"f":{},"b":{},"_coverageSchema":"1a1c01bbd47fc00a2c39e90264f33305004495a9","hash":"3bd5a98a449578313384f4be77bdde9b5769979f"}
,"C:\\Users\\vinny\\Documents\\Multiverse Bootcamp\\cheeseboard\\Cheese.js": {"path":"C:\\Users\\vinny\\Documents\\Multiverse Bootcamp\\cheeseboard\\Cheese.js","statementMap":{"0":{"start":{"line":1,"column":49},"end":{"line":1,"column":64}},"1":{"start":{"line":5,"column":0},"end":{"line":5,"column":82}},"2":{"start":{"line":7,"column":0},"end":{"line":9,"column":2}}},"fnMap":{},"branchMap":{},"s":{"0":1,"1":1,"2":1},"f":{},"b":{},"_coverageSchema":"1a1c01bbd47fc00a2c39e90264f33305004495a9","hash":"c3c89814ea51a16832cb72104bf46e6e040332a1"}
,"C:\\Users\\vinny\\Documents\\Multiverse Bootcamp\\cheeseboard\\User.js": {"path":"C:\\Users\\vinny\\Documents\\Multiverse Bootcamp\\cheeseboard\\User.js","statementMap":{"0":{"start":{"line":1,"column":49},"end":{"line":1,"column":64}},"1":{"start":{"line":5,"column":0},"end":{"line":5,"column":73}},"2":{"start":{"line":7,"column":0},"end":{"line":9,"column":2}}},"fnMap":{},"branchMap":{},"s":{"0":1,"1":1,"2":1},"f":{},"b":{},"_coverageSchema":"1a1c01bbd47fc00a2c39e90264f33305004495a9","hash":"ab0acbd184ef42151be9f17de0efdf76e98ffc00"}
,"C:\\Users\\vinny\\Documents\\Multiverse Bootcamp\\cheeseboard\\db.js": {"path":"C:\\Users\\vinny\\Documents\\Multiverse Bootcamp\\cheeseboard\\db.js","statementMap":{"0":{"start":{"line":1,"column":13},"end":{"line":1,"column":28}},"1":{"start":{"line":2,"column":40},"end":{"line":2,"column":60}},"2":{"start":{"line":5,"column":18},"end":{"line":5,"column":92}},"3":{"start":{"line":6,"column":0},"end":{"line":11,"column":2}}},"fnMap":{},"branchMap":{},"s":{"0":1,"1":1,"2":1,"3":1},"f":{},"b":{},"_coverageSchema":"1a1c01bbd47fc00a2c39e90264f33305004495a9","hash":"11184076742d380f9d164578b3dc4db8587313b8"}
,"C:\\Users\\vinny\\Documents\\Multiverse Bootcamp\\cheeseboard\\index.js": {"path":"C:\\Users\\vinny\\Documents\\Multiverse Bootcamp\\cheeseboard\\index.js","statementMap":{"0":{"start":{"line":1,"column":15},"end":{"line":1,"column":32}},"1":{"start":{"line":2,"column":16},"end":{"line":2,"column":34}},"2":{"start":{"line":3,"column":17},"end":{"line":3,"column":36}},"3":{"start":{"line":5,"column":0},"end":{"line":5,"column":20}},"4":{"start":{"line":6,"column":0},"end":{"line":6,"column":22}},"5":{"start":{"line":7,"column":0},"end":{"line":7,"column":55}},"6":{"start":{"line":8,"column":0},"end":{"line":8,"column":55}},"7":{"start":{"line":10,"column":0},"end":{"line":14,"column":2}}},"fnMap":{},"branchMap":{},"s":{"0":1,"1":1,"2":1,"3":1,"4":1,"5":1,"6":1,"7":1},"f":{},"b":{},"_coverageSchema":"1a1c01bbd47fc00a2c39e90264f33305004495a9","hash":"4805c5269714e66b6e464b09566c5741f483870e"}
}
